0 info it worked if it ends with ok
1 verbose cli [ '/Users/ollie/.nvm/versions/node/v6.2.1/bin/node',
1 verbose cli   '/Users/ollie/.nvm/versions/node/v6.2.1/bin/npm',
1 verbose cli   'run',
1 verbose cli   'lint' ]
2 info using npm@3.9.3
3 info using node@v6.2.1
4 verbose run-script [ 'prelint', 'lint', 'postlint' ]
5 info lifecycle react-tutorial@0.0.0~prelint: react-tutorial@0.0.0
6 silly lifecycle react-tutorial@0.0.0~prelint: no script for prelint, continuing
7 info lifecycle react-tutorial@0.0.0~lint: react-tutorial@0.0.0
8 verbose lifecycle react-tutorial@0.0.0~lint: unsafe-perm in lifecycle true
9 verbose lifecycle react-tutorial@0.0.0~lint: PATH: /Users/ollie/.nvm/versions/node/v6.2.1/lib/node_modules/npm/bin/node-gyp-bin:/Users/ollie/dev/react-tutorial/node_modules/.bin:/Users/ollie/.nvm/versions/node/v6.2.1/bin:/Users/ollie/.nvm/versions/node/v6.2.1/bin:/usr/local/bin:/usr/bin:/bin:/usr/sbin:/sbin:/opt/X11/bin:/usr/local/munki:/Users/ollie/local/bin
10 verbose lifecycle react-tutorial@0.0.0~lint: CWD: /Users/ollie/dev/react-tutorial
11 silly lifecycle react-tutorial@0.0.0~lint: Args: [ '-c', 'eslint public/scripts/comments.js' ]
12 silly lifecycle react-tutorial@0.0.0~lint: Returned: code: 1  signal: null
13 info lifecycle react-tutorial@0.0.0~lint: Failed to exec lint script
14 verbose stack Error: react-tutorial@0.0.0 lint: `eslint public/scripts/comments.js`
14 verbose stack Exit status 1
14 verbose stack     at EventEmitter.<anonymous> (/Users/ollie/.nvm/versions/node/v6.2.1/lib/node_modules/npm/lib/utils/lifecycle.js:245:16)
14 verbose stack     at emitTwo (events.js:106:13)
14 verbose stack     at EventEmitter.emit (events.js:191:7)
14 verbose stack     at ChildProcess.<anonymous> (/Users/ollie/.nvm/versions/node/v6.2.1/lib/node_modules/npm/lib/utils/spawn.js:24:14)
14 verbose stack     at emitTwo (events.js:106:13)
14 verbose stack     at ChildProcess.emit (events.js:191:7)
14 verbose stack     at maybeClose (internal/child_process.js:852:16)
14 verbose stack     at Process.ChildProcess._handle.onexit (internal/child_process.js:215:5)
15 verbose pkgid react-tutorial@0.0.0
16 verbose cwd /Users/ollie/dev/react-tutorial
17 error Darwin 15.5.0
18 error argv "/Users/ollie/.nvm/versions/node/v6.2.1/bin/node" "/Users/ollie/.nvm/versions/node/v6.2.1/bin/npm" "run" "lint"
19 error node v6.2.1
20 error npm  v3.9.3
21 error code ELIFECYCLE
22 error react-tutorial@0.0.0 lint: `eslint public/scripts/comments.js`
22 error Exit status 1
23 error Failed at the react-tutorial@0.0.0 lint script 'eslint public/scripts/comments.js'.
23 error Make sure you have the latest version of node.js and npm installed.
23 error If you do, this is most likely a problem with the react-tutorial package,
23 error not with npm itself.
23 error Tell the author that this fails on your system:
23 error     eslint public/scripts/comments.js
23 error You can get information on how to open an issue for this project with:
23 error     npm bugs react-tutorial
23 error Or if that isn't available, you can get their info via:
23 error     npm owner ls react-tutorial
23 error There is likely additional logging output above.
24 verbose exit [ 1, true ]
